<?xml version="1.0" encoding="UTF-8"?>
<!-- Generated by org.testng.reporters.JUnitReportReporter -->
<testsuite hostname="LEUS0000HXQXJX1" name="io.swagger.ReaderTest" tests="16" failures="0" timestamp="21 Dec 2015 02:22:12 GMT" time="0.787" errors="0">
  <testcase name="scanDeclaredExceptionsAndCombineWithMethodResponses" time="0.015" classname="io.swagger.ReaderTest"/>
  <testcase name="scanClassAndFieldLevelAnnotations" time="0.616" classname="io.swagger.ReaderTest"/>
  <testcase name="scanParametersFromBaseResource" time="0.000" classname="io.swagger.ReaderTest"/>
  <testcase name="scanImplicitParam" time="0.016" classname="io.swagger.ReaderTest"/>
  <testcase name="scanOverriddenMethod" time="0.031" classname="io.swagger.ReaderTest"/>
  <testcase name="scanConsumesProducesValuesWithBothClassLevelAnnotations" time="0.000" classname="io.swagger.ReaderTest"/>
  <testcase name="scanDeclaredExceptions" time="0.047" classname="io.swagger.ReaderTest"/>
  <testcase name="scanMethods" time="0.000" classname="io.swagger.ReaderTest"/>
  <testcase name="scanMultipleResourcesWithAnnotations" time="0.000" classname="io.swagger.ReaderTest"/>
  <testcase name="scanConsumesProducesValuesWithApiClassLevelAnnotations" time="0.046" classname="io.swagger.ReaderTest"/>
  <testcase name="scanDeprecatedAnnotation" time="0.000" classname="io.swagger.ReaderTest"/>
  <testcase name="scanEmptyPathAnnotation" time="0.000" classname="io.swagger.ReaderTest"/>
  <testcase name="scanInterfaceTest" time="0.000" classname="io.swagger.ReaderTest"/>
  <testcase name="scanConsumesProducesValuesWithoutClassLevelAnnotations" time="0.000" classname="io.swagger.ReaderTest"/>
  <testcase name="scanConsumesProducesValuesWithRsClassLevelAnnotations" time="0.016" classname="io.swagger.ReaderTest"/>
  <testcase name="scanImplicitWithFile" time="0.000" classname="io.swagger.ReaderTest"/>
</testsuite> <!-- io.swagger.ReaderTest -->
